<?xml version="1.0" encoding="UTF-8"?>
<testng-results ignored="0" total="1" passed="1" failed="0" skipped="0">
  <reporter-output>
  </reporter-output>
  <suite started-at="2023-06-28T23:28:01 IST" name="Default suite" finished-at="2023-06-28T23:28:18 IST" duration-ms="16982">
    <groups>
    </groups>
    <test started-at="2023-06-28T23:28:01 IST" name="Default test" finished-at="2023-06-28T23:28:18 IST" duration-ms="16982">
      <class name="com.qa.test.CreateAccountTest">
        <test-method is-config="true" signature="beforeMethod(java.lang.reflect.Method)[pri:0, instance:com.qa.test.CreateAccountTest@55fe41ea]" started-at="2023-06-28T23:28:01 IST" name="beforeMethod" finished-at="2023-06-28T23:28:11 IST" duration-ms="10003" status="PASS">
          <params>
            <param index="0">
              <value>
                <![CDATA[public void com.qa.test.CreateAccountTest.createAccout()]]>
              </value>
            </param>
          </params>
          <reporter-output>
          </reporter-output>
        </test-method> <!-- beforeMethod -->
        <test-method signature="createAccout()[pri:0, instance:com.qa.test.CreateAccountTest@55fe41ea]" started-at="2023-06-28T23:28:11 IST" name="createAccout" finished-at="2023-06-28T23:28:18 IST" duration-ms="6718" status="PASS">
          <reporter-output>
          </reporter-output>
        </test-method> <!-- createAccout -->
        <test-method is-config="true" signature="afterMethod()[pri:0, instance:com.qa.test.CreateAccountTest@55fe41ea]" started-at="2023-06-28T23:28:18 IST" name="afterMethod" finished-at="2023-06-28T23:28:18 IST" duration-ms="201" status="PASS">
          <reporter-output>
          </reporter-output>
        </test-method> <!-- afterMethod -->
      </class> <!-- com.qa.test.CreateAccountTest -->
    </test> <!-- Default test -->
  </suite> <!-- Default suite -->
</testng-results>
